{"/Users/marcossilva/Documents/Udemy/Node/NODE-TDD/src/data/usecases/add-account/db-add-account.ts": {"path":"/Users/marcossilva/Documents/Udemy/Node/NODE-TDD/src/data/usecases/add-account/db-add-account.ts","statementMap":{"0":{"start":{"line":8,"column":8},"end":{"line":8,"column":null}},"1":{"start":{"line":9,"column":8},"end":{"line":9,"column":null}},"2":{"start":{"line":12,"column":31},"end":{"line":12,"column":81}},"3":{"start":{"line":13,"column":8},"end":{"line":13,"column":95}},"4":{"start":{"line":3,"column":0},"end":{"line":3,"column":13}}},"fnMap":{"0":{"name":"(anonymous_0)","decl":{"start":{"line":7,"column":4},"end":{"line":7,"column":16}},"loc":{"start":{"line":7,"column":80},"end":{"line":10,"column":5}}},"1":{"name":"(anonymous_1)","decl":{"start":{"line":11,"column":4},"end":{"line":11,"column":9}},"loc":{"start":{"line":11,"column":43},"end":{"line":14,"column":5}}}},"branchMap":{},"s":{"0":9,"1":9,"2":6,"3":5,"4":5},"f":{"0":9,"1":6},"b":{}}
,"/Users/marcossilva/Documents/Udemy/Node/NODE-TDD/src/data/usecases/add-account/helpers/add-repository-stub.ts": {"path":"/Users/marcossilva/Documents/Udemy/Node/NODE-TDD/src/data/usecases/add-account/helpers/add-repository-stub.ts","statementMap":{"0":{"start":{"line":6,"column":28},"end":{"line":11,"column":null}},"1":{"start":{"line":12,"column":8},"end":{"line":12,"column":62}},"2":{"start":{"line":12,"column":40},"end":{"line":12,"column":60}},"3":{"start":{"line":4,"column":0},"end":{"line":4,"column":13}}},"fnMap":{"0":{"name":"(anonymous_0)","decl":{"start":{"line":5,"column":4},"end":{"line":5,"column":9}},"loc":{"start":{"line":5,"column":43},"end":{"line":13,"column":5}}},"1":{"name":"(anonymous_1)","decl":{"start":{"line":12,"column":27},"end":{"line":12,"column":28}},"loc":{"start":{"line":12,"column":40},"end":{"line":12,"column":60}}}},"branchMap":{},"s":{"0":3,"1":3,"2":3,"3":1},"f":{"0":3,"1":3},"b":{}}
,"/Users/marcossilva/Documents/Udemy/Node/NODE-TDD/src/data/usecases/add-account/helpers/encrypter-stub.ts": {"path":"/Users/marcossilva/Documents/Udemy/Node/NODE-TDD/src/data/usecases/add-account/helpers/encrypter-stub.ts","statementMap":{"0":{"start":{"line":5,"column":8},"end":{"line":5,"column":68}},"1":{"start":{"line":5,"column":40},"end":{"line":5,"column":66}},"2":{"start":{"line":3,"column":0},"end":{"line":3,"column":13}}},"fnMap":{"0":{"name":"(anonymous_0)","decl":{"start":{"line":4,"column":4},"end":{"line":4,"column":9}},"loc":{"start":{"line":4,"column":32},"end":{"line":6,"column":5}}},"1":{"name":"(anonymous_1)","decl":{"start":{"line":5,"column":27},"end":{"line":5,"column":28}},"loc":{"start":{"line":5,"column":40},"end":{"line":5,"column":66}}}},"branchMap":{},"s":{"0":4,"1":4,"2":1},"f":{"0":4,"1":4},"b":{}}
,"/Users/marcossilva/Documents/Udemy/Node/NODE-TDD/src/infra/criptography/bcrypt-adapter.ts": {"path":"/Users/marcossilva/Documents/Udemy/Node/NODE-TDD/src/infra/criptography/bcrypt-adapter.ts","statementMap":{"0":{"start":{"line":2,"column":0},"end":{"line":2,"column":28}},"1":{"start":{"line":5,"column":24},"end":{"line":5,"column":36}},"2":{"start":{"line":8,"column":8},"end":{"line":8,"column":51}},"3":{"start":{"line":4,"column":0},"end":{"line":4,"column":13}}},"fnMap":{"0":{"name":"(anonymous_1)","decl":{"start":{"line":5,"column":4},"end":{"line":5,"column":24}},"loc":{"start":{"line":5,"column":36},"end":{"line":5,"column":40}}},"1":{"name":"(anonymous_2)","decl":{"start":{"line":7,"column":4},"end":{"line":7,"column":9}},"loc":{"start":{"line":7,"column":31},"end":{"line":9,"column":5}}}},"branchMap":{},"s":{"0":5,"1":7,"2":4,"3":5},"f":{"0":7,"1":4},"b":{}}
,"/Users/marcossilva/Documents/Udemy/Node/NODE-TDD/src/infra/db/mongodb/account-repository/account.ts": {"path":"/Users/marcossilva/Documents/Udemy/Node/NODE-TDD/src/infra/db/mongodb/account-repository/account.ts","statementMap":{"0":{"start":{"line":4,"column":0},"end":{"line":4,"column":52}},"1":{"start":{"line":9,"column":34},"end":{"line":9,"column":77}},"2":{"start":{"line":10,"column":23},"end":{"line":10,"column":69}},"3":{"start":{"line":11,"column":8},"end":{"line":11,"column":null}},"4":{"start":{"line":7,"column":0},"end":{"line":7,"column":13}}},"fnMap":{"0":{"name":"(anonymous_0)","decl":{"start":{"line":8,"column":4},"end":{"line":8,"column":9}},"loc":{"start":{"line":8,"column":43},"end":{"line":12,"column":5}}}},"branchMap":{},"s":{"0":5,"1":2,"2":2,"3":2,"4":5},"f":{"0":2},"b":{}}
,"/Users/marcossilva/Documents/Udemy/Node/NODE-TDD/src/infra/db/mongodb/helpers/mongo-helper.ts": {"path":"/Users/marcossilva/Documents/Udemy/Node/NODE-TDD/src/infra/db/mongodb/helpers/mongo-helper.ts","statementMap":{"0":{"start":{"line":1,"column":0},"end":{"line":1,"column":36}},"1":{"start":{"line":3,"column":13},"end":{"line":25,"column":null}},"2":{"start":{"line":9,"column":7},"end":{"line":9,"column":22}},"3":{"start":{"line":10,"column":7},"end":{"line":10,"column":52}},"4":{"start":{"line":11,"column":7},"end":{"line":11,"column":40}},"5":{"start":{"line":15,"column":8},"end":{"line":15,"column":34}},"6":{"start":{"line":16,"column":8},"end":{"line":16,"column":27}},"7":{"start":{"line":20,"column":8},"end":{"line":22,"column":9}},"8":{"start":{"line":21,"column":12},"end":{"line":21,"column":41}},"9":{"start":{"line":23,"column":8},"end":{"line":23,"column":40}}},"fnMap":{"0":{"name":"(anonymous_0)","decl":{"start":{"line":8,"column":4},"end":{"line":8,"column":9}},"loc":{"start":{"line":8,"column":30},"end":{"line":12,"column":5}}},"1":{"name":"(anonymous_1)","decl":{"start":{"line":14,"column":4},"end":{"line":14,"column":9}},"loc":{"start":{"line":14,"column":20},"end":{"line":17,"column":5}}},"2":{"name":"(anonymous_2)","decl":{"start":{"line":19,"column":4},"end":{"line":19,"column":9}},"loc":{"start":{"line":19,"column":36},"end":{"line":24,"column":5}}}},"branchMap":{"0":{"loc":{"start":{"line":20,"column":8},"end":{"line":22,"column":9}},"type":"if","locations":[{"start":{"line":20,"column":8},"end":{"line":22,"column":9}}]},"1":{"loc":{"start":{"line":20,"column":13},"end":{"line":20,"column":48}},"type":"cond-expr","locations":[{"start":{"line":20,"column":24},"end":{"line":20,"column":26}},{"start":{"line":20,"column":24},"end":{"line":20,"column":48}}]},"2":{"loc":{"start":{"line":20,"column":13},"end":{"line":20,"column":26}},"type":"binary-expr","locations":[{"start":{"line":20,"column":13},"end":{"line":20,"column":26}},{"start":{"line":20,"column":24},"end":{"line":20,"column":26}}]}},"s":{"0":6,"1":6,"2":4,"3":4,"4":4,"5":4,"6":4,"7":6,"8":1,"9":6},"f":{"0":4,"1":4,"2":6},"b":{"0":[1],"1":[1,5],"2":[6,5]}}
,"/Users/marcossilva/Documents/Udemy/Node/NODE-TDD/src/presentation/controllers/signup/signUp.ts": {"path":"/Users/marcossilva/Documents/Udemy/Node/NODE-TDD/src/presentation/controllers/signup/signUp.ts","statementMap":{"0":{"start":{"line":1,"column":0},"end":{"line":1,"column":70}},"1":{"start":{"line":3,"column":0},"end":{"line":3,"column":66}},"2":{"start":{"line":10,"column":8},"end":{"line":10,"column":45}},"3":{"start":{"line":11,"column":8},"end":{"line":11,"column":37}},"4":{"start":{"line":16,"column":62},"end":{"line":16,"column":78}},"5":{"start":{"line":18,"column":8},"end":{"line":45,"column":9}},"6":{"start":{"line":19,"column":27},"end":{"line":19,"column":80}},"7":{"start":{"line":21,"column":12},"end":{"line":25,"column":13}},"8":{"start":{"line":22,"column":16},"end":{"line":24,"column":17}},"9":{"start":{"line":23,"column":20},"end":{"line":23,"column":68}},"10":{"start":{"line":27,"column":12},"end":{"line":29,"column":13}},"11":{"start":{"line":28,"column":16},"end":{"line":28,"column":81}},"12":{"start":{"line":31,"column":29},"end":{"line":31,"column":80}},"13":{"start":{"line":32,"column":12},"end":{"line":34,"column":13}},"14":{"start":{"line":33,"column":16},"end":{"line":33,"column":66}},"15":{"start":{"line":36,"column":27},"end":{"line":40,"column":14}},"16":{"start":{"line":42,"column":12},"end":{"line":42,"column":31}},"17":{"start":{"line":44,"column":12},"end":{"line":44,"column":33}},"18":{"start":{"line":5,"column":0},"end":{"line":5,"column":13}}},"fnMap":{"0":{"name":"(anonymous_0)","decl":{"start":{"line":9,"column":4},"end":{"line":9,"column":16}},"loc":{"start":{"line":9,"column":70},"end":{"line":12,"column":5}}},"1":{"name":"(anonymous_1)","decl":{"start":{"line":14,"column":4},"end":{"line":14,"column":9}},"loc":{"start":{"line":14,"column":42},"end":{"line":46,"column":5}}}},"branchMap":{"0":{"loc":{"start":{"line":22,"column":16},"end":{"line":24,"column":17}},"type":"if","locations":[{"start":{"line":22,"column":16},"end":{"line":24,"column":17}}]},"1":{"loc":{"start":{"line":27,"column":12},"end":{"line":29,"column":13}},"type":"if","locations":[{"start":{"line":27,"column":12},"end":{"line":29,"column":13}}]},"2":{"loc":{"start":{"line":32,"column":12},"end":{"line":34,"column":13}},"type":"if","locations":[{"start":{"line":32,"column":12},"end":{"line":34,"column":13}}]}},"s":{"0":5,"1":5,"2":16,"3":16,"4":13,"5":13,"6":13,"7":13,"8":46,"9":4,"10":9,"11":1,"12":8,"13":7,"14":1,"15":6,"16":5,"17":2,"18":5},"f":{"0":16,"1":13},"b":{"0":[4],"1":[1],"2":[1]}}
,"/Users/marcossilva/Documents/Udemy/Node/NODE-TDD/src/presentation/controllers/signup/tests/interfaces/helpers/add-account-stub.ts": {"path":"/Users/marcossilva/Documents/Udemy/Node/NODE-TDD/src/presentation/controllers/signup/tests/interfaces/helpers/add-account-stub.ts","statementMap":{"0":{"start":{"line":5,"column":28},"end":{"line":10,"column":10}},"1":{"start":{"line":12,"column":8},"end":{"line":12,"column":60}},"2":{"start":{"line":12,"column":38},"end":{"line":12,"column":58}},"3":{"start":{"line":3,"column":0},"end":{"line":3,"column":13}}},"fnMap":{"0":{"name":"(anonymous_0)","decl":{"start":{"line":4,"column":3},"end":{"line":4,"column":8}},"loc":{"start":{"line":4,"column":37},"end":{"line":13,"column":5}}},"1":{"name":"(anonymous_1)","decl":{"start":{"line":12,"column":27},"end":{"line":12,"column":34}},"loc":{"start":{"line":12,"column":38},"end":{"line":12,"column":58}}}},"branchMap":{},"s":{"0":4,"1":4,"2":4,"3":1},"f":{"0":4,"1":4},"b":{}}
,"/Users/marcossilva/Documents/Udemy/Node/NODE-TDD/src/presentation/controllers/signup/tests/interfaces/helpers/email-validator-stub.ts": {"path":"/Users/marcossilva/Documents/Udemy/Node/NODE-TDD/src/presentation/controllers/signup/tests/interfaces/helpers/email-validator-stub.ts","statementMap":{"0":{"start":{"line":5,"column":8},"end":{"line":5,"column":20}},"1":{"start":{"line":3,"column":0},"end":{"line":3,"column":13}}},"fnMap":{"0":{"name":"(anonymous_0)","decl":{"start":{"line":4,"column":4},"end":{"line":4,"column":11}},"loc":{"start":{"line":4,"column":26},"end":{"line":6,"column":5}}}},"branchMap":{},"s":{"0":5,"1":1},"f":{"0":5},"b":{}}
,"/Users/marcossilva/Documents/Udemy/Node/NODE-TDD/src/presentation/errors/index.ts": {"path":"/Users/marcossilva/Documents/Udemy/Node/NODE-TDD/src/presentation/errors/index.ts","statementMap":{"0":{"start":{"line":1,"column":0},"end":{"line":1,"column":30}},"1":{"start":{"line":2,"column":0},"end":{"line":2,"column":37}},"2":{"start":{"line":3,"column":0},"end":{"line":3,"column":37}}},"fnMap":{},"branchMap":{},"s":{"0":5,"1":5,"2":5},"f":{},"b":{}}
,"/Users/marcossilva/Documents/Udemy/Node/NODE-TDD/src/presentation/errors/invalid-param-error.ts": {"path":"/Users/marcossilva/Documents/Udemy/Node/NODE-TDD/src/presentation/errors/invalid-param-error.ts","statementMap":{"0":{"start":{"line":3,"column":8},"end":{"line":3,"column":45}},"1":{"start":{"line":4,"column":8},"end":{"line":4,"column":40}},"2":{"start":{"line":1,"column":0},"end":{"line":1,"column":13}}},"fnMap":{"0":{"name":"(anonymous_0)","decl":{"start":{"line":2,"column":4},"end":{"line":2,"column":16}},"loc":{"start":{"line":2,"column":33},"end":{"line":5,"column":5}}}},"branchMap":{},"s":{"0":4,"1":4,"2":5},"f":{"0":4},"b":{}}
,"/Users/marcossilva/Documents/Udemy/Node/NODE-TDD/src/presentation/errors/missing-param-error.ts": {"path":"/Users/marcossilva/Documents/Udemy/Node/NODE-TDD/src/presentation/errors/missing-param-error.ts","statementMap":{"0":{"start":{"line":3,"column":8},"end":{"line":3,"column":45}},"1":{"start":{"line":4,"column":8},"end":{"line":4,"column":40}},"2":{"start":{"line":1,"column":0},"end":{"line":1,"column":13}}},"fnMap":{"0":{"name":"(anonymous_0)","decl":{"start":{"line":2,"column":4},"end":{"line":2,"column":16}},"loc":{"start":{"line":2,"column":33},"end":{"line":5,"column":5}}}},"branchMap":{},"s":{"0":8,"1":8,"2":5},"f":{"0":8},"b":{}}
,"/Users/marcossilva/Documents/Udemy/Node/NODE-TDD/src/presentation/errors/server-error.ts": {"path":"/Users/marcossilva/Documents/Udemy/Node/NODE-TDD/src/presentation/errors/server-error.ts","statementMap":{"0":{"start":{"line":3,"column":8},"end":{"line":3,"column":39}},"1":{"start":{"line":4,"column":8},"end":{"line":4,"column":34}},"2":{"start":{"line":1,"column":0},"end":{"line":1,"column":13}}},"fnMap":{"0":{"name":"(anonymous_0)","decl":{"start":{"line":2,"column":4},"end":{"line":2,"column":null}},"loc":{"start":{"line":2,"column":4},"end":{"line":5,"column":5}}}},"branchMap":{},"s":{"0":4,"1":4,"2":5},"f":{"0":4},"b":{}}
,"/Users/marcossilva/Documents/Udemy/Node/NODE-TDD/src/presentation/helpers/http-helper.ts": {"path":"/Users/marcossilva/Documents/Udemy/Node/NODE-TDD/src/presentation/helpers/http-helper.ts","statementMap":{"0":{"start":{"line":2,"column":0},"end":{"line":2,"column":38}},"1":{"start":{"line":4,"column":26},"end":{"line":7,"column":2}},"2":{"start":{"line":4,"column":59},"end":{"line":7,"column":2}},"3":{"start":{"line":4,"column":13},"end":{"line":4,"column":26}},"4":{"start":{"line":9,"column":27},"end":{"line":12,"column":2}},"5":{"start":{"line":9,"column":48},"end":{"line":12,"column":2}},"6":{"start":{"line":9,"column":13},"end":{"line":9,"column":27}},"7":{"start":{"line":14,"column":18},"end":{"line":17,"column":2}},"8":{"start":{"line":14,"column":48},"end":{"line":17,"column":2}},"9":{"start":{"line":14,"column":13},"end":{"line":14,"column":18}}},"fnMap":{"0":{"name":"(anonymous_0)","decl":{"start":{"line":4,"column":26},"end":{"line":4,"column":27}},"loc":{"start":{"line":4,"column":59},"end":{"line":7,"column":2}}},"1":{"name":"(anonymous_1)","decl":{"start":{"line":9,"column":27},"end":{"line":9,"column":44}},"loc":{"start":{"line":9,"column":48},"end":{"line":12,"column":2}}},"2":{"name":"(anonymous_2)","decl":{"start":{"line":14,"column":18},"end":{"line":14,"column":19}},"loc":{"start":{"line":14,"column":48},"end":{"line":17,"column":2}}}},"branchMap":{},"s":{"0":5,"1":5,"2":6,"3":5,"4":5,"5":2,"6":5,"7":5,"8":5,"9":5},"f":{"0":6,"1":2,"2":5},"b":{}}
,"/Users/marcossilva/Documents/Udemy/Node/NODE-TDD/src/utils/email-validator-adapter.ts": {"path":"/Users/marcossilva/Documents/Udemy/Node/NODE-TDD/src/utils/email-validator-adapter.ts","statementMap":{"0":{"start":{"line":2,"column":0},"end":{"line":2,"column":34}},"1":{"start":{"line":6,"column":8},"end":{"line":6,"column":40}},"2":{"start":{"line":4,"column":0},"end":{"line":4,"column":13}}},"fnMap":{"0":{"name":"(anonymous_1)","decl":{"start":{"line":5,"column":4},"end":{"line":5,"column":11}},"loc":{"start":{"line":5,"column":25},"end":{"line":7,"column":5}}}},"branchMap":{},"s":{"0":5,"1":4,"2":5},"f":{"0":4},"b":{}}
}
