{"/Users/marcossilva/Documents/Udemy/Node/NODE-TDD/src/data/usecases/add-account/helpers/encrypter-stub.ts": {"path":"/Users/marcossilva/Documents/Udemy/Node/NODE-TDD/src/data/usecases/add-account/helpers/encrypter-stub.ts","statementMap":{"0":{"start":{"line":3,"column":8},"end":{"line":3,"column":68}},"1":{"start":{"line":3,"column":40},"end":{"line":3,"column":66}},"2":{"start":{"line":1,"column":0},"end":{"line":1,"column":13}}},"fnMap":{"0":{"name":"(anonymous_0)","decl":{"start":{"line":2,"column":4},"end":{"line":2,"column":9}},"loc":{"start":{"line":2,"column":31},"end":{"line":4,"column":5}}},"1":{"name":"(anonymous_1)","decl":{"start":{"line":3,"column":27},"end":{"line":3,"column":28}},"loc":{"start":{"line":3,"column":40},"end":{"line":3,"column":66}}}},"branchMap":{},"s":{"0":0,"1":0,"2":0},"f":{"0":0,"1":0},"b":{}}
,"/Users/marcossilva/Documents/Udemy/Node/NODE-TDD/src/presentation/controllers/signup/signUp.ts": {"path":"/Users/marcossilva/Documents/Udemy/Node/NODE-TDD/src/presentation/controllers/signup/signUp.ts","statementMap":{"0":{"start":{"line":1,"column":0},"end":{"line":1,"column":66}},"1":{"start":{"line":3,"column":0},"end":{"line":3,"column":66}},"2":{"start":{"line":10,"column":8},"end":{"line":10,"column":45}},"3":{"start":{"line":11,"column":8},"end":{"line":11,"column":37}},"4":{"start":{"line":16,"column":40},"end":{"line":16,"column":56}},"5":{"start":{"line":18,"column":8},"end":{"line":45,"column":9}},"6":{"start":{"line":19,"column":27},"end":{"line":19,"column":80}},"7":{"start":{"line":21,"column":12},"end":{"line":25,"column":13}},"8":{"start":{"line":22,"column":16},"end":{"line":24,"column":17}},"9":{"start":{"line":23,"column":20},"end":{"line":23,"column":68}},"10":{"start":{"line":27,"column":29},"end":{"line":27,"column":80}},"11":{"start":{"line":28,"column":12},"end":{"line":30,"column":13}},"12":{"start":{"line":29,"column":16},"end":{"line":29,"column":66}},"13":{"start":{"line":32,"column":27},"end":{"line":36,"column":14}},"14":{"start":{"line":38,"column":12},"end":{"line":41,"column":null}},"15":{"start":{"line":43,"column":12},"end":{"line":43,"column":33}},"16":{"start":{"line":44,"column":12},"end":{"line":44,"column":33}},"17":{"start":{"line":5,"column":0},"end":{"line":5,"column":13}}},"fnMap":{"0":{"name":"(anonymous_0)","decl":{"start":{"line":9,"column":4},"end":{"line":9,"column":16}},"loc":{"start":{"line":9,"column":70},"end":{"line":12,"column":5}}},"1":{"name":"(anonymous_1)","decl":{"start":{"line":14,"column":4},"end":{"line":14,"column":10}},"loc":{"start":{"line":14,"column":36},"end":{"line":46,"column":5}}}},"branchMap":{"0":{"loc":{"start":{"line":22,"column":16},"end":{"line":24,"column":17}},"type":"if","locations":[{"start":{"line":22,"column":16},"end":{"line":24,"column":17}}]},"1":{"loc":{"start":{"line":28,"column":12},"end":{"line":30,"column":13}},"type":"if","locations":[{"start":{"line":28,"column":12},"end":{"line":30,"column":13}}]}},"s":{"0":1,"1":1,"2":10,"3":10,"4":10,"5":10,"6":10,"7":10,"8":34,"9":4,"10":6,"11":5,"12":1,"13":4,"14":3,"15":2,"16":2,"17":1},"f":{"0":10,"1":10},"b":{"0":[4],"1":[1]}}
,"/Users/marcossilva/Documents/Udemy/Node/NODE-TDD/src/presentation/controllers/signup/tests/helpers/add-account-stub.ts": {"path":"/Users/marcossilva/Documents/Udemy/Node/NODE-TDD/src/presentation/controllers/signup/tests/helpers/add-account-stub.ts","statementMap":{"0":{"start":{"line":5,"column":8},"end":{"line":10,"column":10}},"1":{"start":{"line":3,"column":0},"end":{"line":3,"column":13}}},"fnMap":{"0":{"name":"(anonymous_0)","decl":{"start":{"line":4,"column":4},"end":{"line":4,"column":7}},"loc":{"start":{"line":4,"column":32},"end":{"line":11,"column":5}}}},"branchMap":{},"s":{"0":3,"1":1},"f":{"0":3},"b":{}}
,"/Users/marcossilva/Documents/Udemy/Node/NODE-TDD/src/presentation/controllers/signup/tests/helpers/email-validator-stub.ts": {"path":"/Users/marcossilva/Documents/Udemy/Node/NODE-TDD/src/presentation/controllers/signup/tests/helpers/email-validator-stub.ts","statementMap":{"0":{"start":{"line":5,"column":8},"end":{"line":5,"column":20}},"1":{"start":{"line":3,"column":0},"end":{"line":3,"column":13}}},"fnMap":{"0":{"name":"(anonymous_0)","decl":{"start":{"line":4,"column":4},"end":{"line":4,"column":11}},"loc":{"start":{"line":4,"column":26},"end":{"line":6,"column":5}}}},"branchMap":{},"s":{"0":4,"1":1},"f":{"0":4},"b":{}}
,"/Users/marcossilva/Documents/Udemy/Node/NODE-TDD/src/presentation/errors/index.ts": {"path":"/Users/marcossilva/Documents/Udemy/Node/NODE-TDD/src/presentation/errors/index.ts","statementMap":{"0":{"start":{"line":1,"column":0},"end":{"line":1,"column":30}},"1":{"start":{"line":2,"column":0},"end":{"line":2,"column":37}},"2":{"start":{"line":3,"column":0},"end":{"line":3,"column":37}}},"fnMap":{},"branchMap":{},"s":{"0":1,"1":1,"2":1},"f":{},"b":{}}
,"/Users/marcossilva/Documents/Udemy/Node/NODE-TDD/src/presentation/errors/invalid-param-error.ts": {"path":"/Users/marcossilva/Documents/Udemy/Node/NODE-TDD/src/presentation/errors/invalid-param-error.ts","statementMap":{"0":{"start":{"line":3,"column":8},"end":{"line":3,"column":45}},"1":{"start":{"line":4,"column":8},"end":{"line":4,"column":40}},"2":{"start":{"line":1,"column":0},"end":{"line":1,"column":13}}},"fnMap":{"0":{"name":"(anonymous_0)","decl":{"start":{"line":2,"column":4},"end":{"line":2,"column":16}},"loc":{"start":{"line":2,"column":33},"end":{"line":5,"column":5}}}},"branchMap":{},"s":{"0":2,"1":2,"2":1},"f":{"0":2},"b":{}}
,"/Users/marcossilva/Documents/Udemy/Node/NODE-TDD/src/presentation/errors/missing-param-error.ts": {"path":"/Users/marcossilva/Documents/Udemy/Node/NODE-TDD/src/presentation/errors/missing-param-error.ts","statementMap":{"0":{"start":{"line":3,"column":8},"end":{"line":3,"column":45}},"1":{"start":{"line":4,"column":8},"end":{"line":4,"column":40}},"2":{"start":{"line":1,"column":0},"end":{"line":1,"column":13}}},"fnMap":{"0":{"name":"(anonymous_0)","decl":{"start":{"line":2,"column":4},"end":{"line":2,"column":16}},"loc":{"start":{"line":2,"column":33},"end":{"line":5,"column":5}}}},"branchMap":{},"s":{"0":8,"1":8,"2":1},"f":{"0":8},"b":{}}
,"/Users/marcossilva/Documents/Udemy/Node/NODE-TDD/src/presentation/errors/server-error.ts": {"path":"/Users/marcossilva/Documents/Udemy/Node/NODE-TDD/src/presentation/errors/server-error.ts","statementMap":{"0":{"start":{"line":3,"column":8},"end":{"line":3,"column":39}},"1":{"start":{"line":4,"column":8},"end":{"line":4,"column":34}},"2":{"start":{"line":1,"column":0},"end":{"line":1,"column":13}}},"fnMap":{"0":{"name":"(anonymous_0)","decl":{"start":{"line":2,"column":4},"end":{"line":2,"column":null}},"loc":{"start":{"line":2,"column":4},"end":{"line":5,"column":5}}}},"branchMap":{},"s":{"0":4,"1":4,"2":1},"f":{"0":4},"b":{}}
,"/Users/marcossilva/Documents/Udemy/Node/NODE-TDD/src/presentation/helpers/http-helper.ts": {"path":"/Users/marcossilva/Documents/Udemy/Node/NODE-TDD/src/presentation/helpers/http-helper.ts","statementMap":{"0":{"start":{"line":2,"column":0},"end":{"line":2,"column":51}},"1":{"start":{"line":4,"column":26},"end":{"line":7,"column":2}},"2":{"start":{"line":4,"column":59},"end":{"line":7,"column":2}},"3":{"start":{"line":4,"column":13},"end":{"line":4,"column":26}},"4":{"start":{"line":9,"column":27},"end":{"line":12,"column":2}},"5":{"start":{"line":9,"column":48},"end":{"line":12,"column":2}},"6":{"start":{"line":9,"column":13},"end":{"line":9,"column":27}}},"fnMap":{"0":{"name":"(anonymous_0)","decl":{"start":{"line":4,"column":26},"end":{"line":4,"column":27}},"loc":{"start":{"line":4,"column":59},"end":{"line":7,"column":2}}},"1":{"name":"(anonymous_1)","decl":{"start":{"line":9,"column":27},"end":{"line":9,"column":44}},"loc":{"start":{"line":9,"column":48},"end":{"line":12,"column":2}}}},"branchMap":{},"s":{"0":1,"1":1,"2":5,"3":1,"4":1,"5":2,"6":1},"f":{"0":5,"1":2},"b":{}}
,"/Users/marcossilva/Documents/Udemy/Node/NODE-TDD/src/utils/email-vaidator.ts": {"path":"/Users/marcossilva/Documents/Udemy/Node/NODE-TDD/src/utils/email-vaidator.ts","statementMap":{"0":{"start":{"line":2,"column":0},"end":{"line":2,"column":34}},"1":{"start":{"line":6,"column":8},"end":{"line":6,"column":40}},"2":{"start":{"line":4,"column":0},"end":{"line":4,"column":13}}},"fnMap":{"0":{"name":"(anonymous_1)","decl":{"start":{"line":5,"column":4},"end":{"line":5,"column":11}},"loc":{"start":{"line":5,"column":25},"end":{"line":7,"column":5}}}},"branchMap":{},"s":{"0":1,"1":3,"2":1},"f":{"0":3},"b":{}}
}
