TN:
SF:src/data/usecases/add-account/db-add-account.ts
FN:7,(anonymous_0)
FN:11,(anonymous_1)
FNF:2
FNH:2
FNDA:9,(anonymous_0)
FNDA:6,(anonymous_1)
DA:3,5
DA:8,9
DA:9,9
DA:12,6
DA:13,5
LF:5
LH:5
BRF:0
BRH:0
end_of_record
TN:
SF:src/data/usecases/add-account/helpers/add-repository-stub.ts
FN:5,(anonymous_0)
FN:12,(anonymous_1)
FNF:2
FNH:2
FNDA:3,(anonymous_0)
FNDA:3,(anonymous_1)
DA:4,1
DA:6,3
DA:12,3
LF:3
LH:3
BRF:0
BRH:0
end_of_record
TN:
SF:src/data/usecases/add-account/helpers/encrypter-stub.ts
FN:4,(anonymous_0)
FN:5,(anonymous_1)
FNF:2
FNH:2
FNDA:4,(anonymous_0)
FNDA:4,(anonymous_1)
DA:3,1
DA:5,4
LF:2
LH:2
BRF:0
BRH:0
end_of_record
TN:
SF:src/infra/criptography/bcrypt-adapter.ts
FN:5,(anonymous_1)
FN:7,(anonymous_2)
FNF:2
FNH:2
FNDA:7,(anonymous_1)
FNDA:4,(anonymous_2)
DA:2,5
DA:4,5
DA:5,7
DA:8,4
LF:4
LH:4
BRF:0
BRH:0
end_of_record
TN:
SF:src/infra/db/mongodb/account-repository/account.ts
FN:8,(anonymous_0)
FNF:1
FNH:1
FNDA:2,(anonymous_0)
DA:4,5
DA:7,5
DA:9,2
DA:10,2
DA:11,2
LF:5
LH:5
BRF:0
BRH:0
end_of_record
TN:
SF:src/infra/db/mongodb/helpers/mongo-helper.ts
FN:8,(anonymous_0)
FN:14,(anonymous_1)
FN:19,(anonymous_2)
FNF:3
FNH:3
FNDA:4,(anonymous_0)
FNDA:4,(anonymous_1)
FNDA:6,(anonymous_2)
DA:1,6
DA:3,6
DA:9,4
DA:10,4
DA:11,4
DA:15,4
DA:16,4
DA:20,6
DA:21,1
DA:23,6
LF:10
LH:10
BRDA:20,0,0,1
BRDA:20,1,0,1
BRDA:20,1,1,5
BRDA:20,2,0,6
BRDA:20,2,1,5
BRF:5
BRH:5
end_of_record
TN:
SF:src/presentation/controllers/signup/signUp.ts
FN:9,(anonymous_0)
FN:14,(anonymous_1)
FNF:2
FNH:2
FNDA:16,(anonymous_0)
FNDA:13,(anonymous_1)
DA:1,5
DA:3,5
DA:5,5
DA:10,16
DA:11,16
DA:16,13
DA:18,13
DA:19,13
DA:21,13
DA:22,46
DA:23,4
DA:27,9
DA:28,1
DA:31,8
DA:32,7
DA:33,1
DA:36,6
DA:42,5
DA:44,2
LF:19
LH:19
BRDA:22,0,0,4
BRDA:27,1,0,1
BRDA:32,2,0,1
BRF:3
BRH:3
end_of_record
TN:
SF:src/presentation/controllers/signup/tests/interfaces/helpers/add-account-stub.ts
FN:4,(anonymous_0)
FN:12,(anonymous_1)
FNF:2
FNH:2
FNDA:4,(anonymous_0)
FNDA:4,(anonymous_1)
DA:3,1
DA:5,4
DA:12,4
LF:3
LH:3
BRF:0
BRH:0
end_of_record
TN:
SF:src/presentation/controllers/signup/tests/interfaces/helpers/email-validator-stub.ts
FN:4,(anonymous_0)
FNF:1
FNH:1
FNDA:5,(anonymous_0)
DA:3,1
DA:5,5
LF:2
LH:2
BRF:0
BRH:0
end_of_record
TN:
SF:src/presentation/errors/index.ts
FNF:0
FNH:0
DA:1,5
DA:2,5
DA:3,5
LF:3
LH:3
BRF:0
BRH:0
end_of_record
TN:
SF:src/presentation/errors/invalid-param-error.ts
FN:2,(anonymous_0)
FNF:1
FNH:1
FNDA:4,(anonymous_0)
DA:1,5
DA:3,4
DA:4,4
LF:3
LH:3
BRF:0
BRH:0
end_of_record
TN:
SF:src/presentation/errors/missing-param-error.ts
FN:2,(anonymous_0)
FNF:1
FNH:1
FNDA:8,(anonymous_0)
DA:1,5
DA:3,8
DA:4,8
LF:3
LH:3
BRF:0
BRH:0
end_of_record
TN:
SF:src/presentation/errors/server-error.ts
FN:2,(anonymous_0)
FNF:1
FNH:1
FNDA:4,(anonymous_0)
DA:1,5
DA:3,4
DA:4,4
LF:3
LH:3
BRF:0
BRH:0
end_of_record
TN:
SF:src/presentation/helpers/http-helper.ts
FN:4,(anonymous_0)
FN:9,(anonymous_1)
FN:14,(anonymous_2)
FNF:3
FNH:3
FNDA:6,(anonymous_0)
FNDA:2,(anonymous_1)
FNDA:5,(anonymous_2)
DA:2,5
DA:4,6
DA:9,5
DA:14,5
LF:4
LH:4
BRF:0
BRH:0
end_of_record
TN:
SF:src/utils/email-validator-adapter.ts
FN:5,(anonymous_1)
FNF:1
FNH:1
FNDA:4,(anonymous_1)
DA:2,5
DA:4,5
DA:6,4
LF:3
LH:3
BRF:0
BRH:0
end_of_record
